[master b5ab643] timestamp
 2 files changed, 1 insertion(+)
 create mode 100644 nohup.out
To git@github.com:lee-pham/GitBot
   6410cdc..b5ab643  master -> master
[master 4e61ed9] timestamp
 2 files changed, 6 insertions(+)
To git@github.com:lee-pham/GitBot
   b5ab643..4e61ed9  master -> master
[master 04e0bea] timestamp
 2 files changed, 5 insertions(+)
To git@github.com:lee-pham/GitBot
   4e61ed9..04e0bea  master -> master
[master c04a23f] timestamp
 2 files changed, 5 insertions(+)
To git@github.com:lee-pham/GitBot
   04e0bea..c04a23f  master -> master
[master 6e6854c] timestamp
 2 files changed, 5 insertions(+)
To git@github.com:lee-pham/GitBot
   c04a23f..6e6854c  master -> master
[master 97f371d] timestamp
 2 files changed, 5 insertions(+)
To git@github.com:lee-pham/GitBot
   6e6854c..97f371d  master -> master
